<?xml version="1.0" encoding="UTF-8"?>
<testsuite name="微买单接口测试 - 钱包页面"
           tests="18"
           failures="0"
           errors="0"
           skipped="0"
           time="13.405">
  <properties />
  
  
            <testcase name="w_al" time="0.761" classname="main.testcase.withdraw_fail" />
                <testcase name="w_al" time="0.640" classname="main.testcase.withdraw_fail" />
                <testcase name="w_al" time="0.715" classname="main.testcase.withdraw_fail" />
                <testcase name="w_al" time="0.807" classname="main.testcase.withdraw_fail" />
                <testcase name="w_al" time="0.772" classname="main.testcase.withdraw_fail" />
                <testcase name="w_al" time="0.636" classname="main.testcase.withdraw_fail" />
                <testcase name="w_al" time="0.776" classname="main.testcase.withdraw_fail" />
                <testcase name="w_al" time="0.783" classname="main.testcase.withdraw_fail" />
                <testcase name="w_al" time="0.616" classname="main.testcase.withdraw_fail" />
                <testcase name="w_al" time="0.751" classname="main.testcase.withdraw_fail" />
                <testcase name="w_al" time="0.774" classname="main.testcase.withdraw_fail" />
                <testcase name="w_al" time="0.765" classname="main.testcase.withdraw_fail" />
                <testcase name="w_al" time="0.815" classname="main.testcase.withdraw_fail" />
                <testcase name="w_al" time="0.793" classname="main.testcase.withdraw_fail" />
                <testcase name="w_al" time="0.695" classname="main.testcase.withdraw_fail" />
                <testcase name="w_al" time="0.754" classname="main.testcase.withdraw_fail" />
                <testcase name="w_al" time="0.773" classname="main.testcase.withdraw_fail" />
                <testcase name="w_al" time="0.779" classname="main.testcase.withdraw_fail" />
      
</testsuite>
