<?xml version="1.0" encoding="UTF-8"?>
<testsuite name="Î¢Âòµ¥½Ó¿Ú²âÊÔ - ×¢²áµÇÂ¼"
           tests="6"
           failures="0"
           errors="0"
           skipped="0"
           time="5.785">
  <properties />
  
  
            <testcase name="login" time="0.871" classname="main.testcase.login" />
                <testcase name="login" time="0.895" classname="main.testcase.login" />
                <testcase name="login" time="0.827" classname="main.testcase.login" />
                <testcase name="login" time="0.840" classname="main.testcase.login" />
                <testcase name="login" time="0.848" classname="main.testcase.login" />
                <testcase name="login" time="1.504" classname="main.testcase.login" />
      
</testsuite>
