<?xml version="1.0" encoding="UTF-8"?>
<testsuite name="Î¢Âòµ¥½Ó¿Ú²âÊÔ - ×¢²áµÇÂ¼"
           tests="6"
           failures="0"
           errors="0"
           skipped="0"
           time="4.817">
  <properties />
  
  
            <testcase name="register_result" time="0.825" classname="main.testcase.register" />
                <testcase name="register_result" time="0.784" classname="main.testcase.register" />
                <testcase name="register_result" time="0.818" classname="main.testcase.register" />
                <testcase name="register_result" time="0.775" classname="main.testcase.register" />
                <testcase name="register_result" time="0.825" classname="main.testcase.register" />
                <testcase name="register_result" time="0.790" classname="main.testcase.register" />
      
</testsuite>
