<?xml version="1.0" encoding="UTF-8"?>
<testsuite name="微买单接口测试 - 店员管理"
           tests="8"
           failures="0"
           errors="0"
           skipped="0"
           time="0.947">
  <properties />
  
  
            <testcase name="SAL_code" time="0.026" classname="main.testcase.shopAssistantList" />
                <testcase name="SAL_code" time="0.020" classname="main.testcase.shopAssistantList" />
                <testcase name="SAL_code" time="0.212" classname="main.testcase.shopAssistantList" />
                <testcase name="SAL_code" time="0.212" classname="main.testcase.shopAssistantList" />
                <testcase name="SAL_code" time="0.020" classname="main.testcase.shopAssistantList" />
                <testcase name="SAL_code" time="0.221" classname="main.testcase.shopAssistantList" />
                <testcase name="SAL_code" time="0.211" classname="main.testcase.shopAssistantList" />
                <testcase name="SAL_code" time="0.025" classname="main.testcase.shopAssistantList" />
      
</testsuite>
