<?xml version="1.0" encoding="UTF-8"?>
<testsuite name="微买单接口测试 - 店员管理"
           tests="5"
           failures="1"
           errors="0"
           skipped="0"
           time="0.136">
  <properties />
            <testcase name="QAI_code" time="0.028" classname="main.testcase.ManagementClerk.queryAssistantInformation">
                <failure type="java.lang.AssertionError"
                  message="expected object to not be null"
              >
<![CDATA[java.lang.AssertionError: expected object to not be null
  org.testng.Assert.fail(Assert.java:94)
  org.testng.Assert.assertNotNull(Assert.java:423)
  org.testng.Assert.assertNotNull(Assert.java:408)
  main.testcase.ManagementClerk.queryAssistantInformation.QAI_code(queryAssistantInformation.java:63)
  sun.reflect.NativeMethodAccessorImpl.invoke0(Native Method)
  sun.reflect.NativeMethodAccessorImpl.invoke(NativeMethodAccessorImpl.java:57)
  sun.reflect.DelegatingMethodAccessorImpl.invoke(DelegatingMethodAccessorImpl.java:43)
  java.lang.reflect.Method.invoke(Method.java:606)
  org.testng.internal.MethodInvocationHelper.invokeMethod(MethodInvocationHelper.java:86)
  org.testng.internal.Invoker.invokeMethod(Invoker.java:643)
  org.testng.internal.Invoker.invokeTestMethod(Invoker.java:820)
  org.testng.internal.Invoker.invokeTestMethods(Invoker.java:1128)
  org.testng.internal.TestMethodWorker.invokeTestMethods(TestMethodWorker.java:129)
  org.testng.internal.TestMethodWorker.run(TestMethodWorker.java:112)
  org.testng.TestRunner.privateRun(TestRunner.java:782)
  org.testng.TestRunner.run(TestRunner.java:632)
  org.testng.SuiteRunner.runTest(SuiteRunner.java:366)
  org.testng.SuiteRunner.runSequentially(SuiteRunner.java:361)
  org.testng.SuiteRunner.privateRun(SuiteRunner.java:319)
  org.testng.SuiteRunner.run(SuiteRunner.java:268)
  org.testng.SuiteRunnerWorker.runSuite(SuiteRunnerWorker.java:52)
  org.testng.SuiteRunnerWorker.run(SuiteRunnerWorker.java:86)
  org.testng.TestNG.runSuitesSequentially(TestNG.java:1244)
  org.testng.TestNG.runSuitesLocally(TestNG.java:1169)
  org.testng.TestNG.run(TestNG.java:1064)
  org.apache.maven.surefire.testng.TestNGExecutor.run(TestNGExecutor.java:74)
  org.apache.maven.surefire.testng.TestNGXmlTestSuite.execute(TestNGXmlTestSuite.java:92)
  org.apache.maven.surefire.Surefire.run(Surefire.java:180)
  sun.reflect.NativeMethodAccessorImpl.invoke0(Native Method)
  sun.reflect.NativeMethodAccessorImpl.invoke(NativeMethodAccessorImpl.java:57)
  sun.reflect.DelegatingMethodAccessorImpl.invoke(DelegatingMethodAccessorImpl.java:43)
  java.lang.reflect.Method.invoke(Method.java:606)
  org.apache.maven.surefire.booter.SurefireBooter.runSuitesInProcess(SurefireBooter.java:350)
  org.apache.maven.surefire.booter.SurefireBooter.main(SurefireBooter.java:1021)
]]>
      </failure>

          </testcase>
  
  
            <testcase name="QAI_code" time="0.024" classname="main.testcase.ManagementClerk.queryAssistantInformation" />
                <testcase name="QAI_code" time="0.027" classname="main.testcase.ManagementClerk.queryAssistantInformation" />
                <testcase name="QAI_code" time="0.035" classname="main.testcase.ManagementClerk.queryAssistantInformation" />
                <testcase name="QAI_code" time="0.022" classname="main.testcase.ManagementClerk.queryAssistantInformation" />
      
</testsuite>
