<?xml version="1.0" encoding="UTF-8"?>
<testsuite name="Î¢Âòµ¥½Ó¿Ú²âÊÔ - ×¢²áµÇÂ¼"
           tests="9"
           failures="0"
           errors="0"
           skipped="0"
           time="6.740">
  <properties />
  
  
            <testcase name="rp_result" time="0.773" classname="main.testcase.retrievePassword" />
                <testcase name="rp_result" time="0.639" classname="main.testcase.retrievePassword" />
                <testcase name="rp_result" time="0.774" classname="main.testcase.retrievePassword" />
                <testcase name="rp_result" time="0.812" classname="main.testcase.retrievePassword" />
                <testcase name="rp_result" time="0.707" classname="main.testcase.retrievePassword" />
                <testcase name="rp_result" time="0.742" classname="main.testcase.retrievePassword" />
                <testcase name="rp_result" time="0.788" classname="main.testcase.retrievePassword" />
                <testcase name="rp_result" time="0.728" classname="main.testcase.retrievePassword" />
                <testcase name="rp_result" time="0.777" classname="main.testcase.retrievePassword" />
      
</testsuite>
