<?xml version="1.0" encoding="UTF-8"?>
<testsuite name="Î¢Âòµ¥½Ó¿Ú²âÊÔ - ×¢²áµÇÂ¼"
           tests="7"
           failures="0"
           errors="0"
           skipped="0"
           time="0.378">
  <properties />
  
  
            <testcase name="getAuthCode_code" time="0.029" classname="main.testcase.RegisterAndlogin.getAuthCode" />
                <testcase name="getAuthCode_code" time="0.170" classname="main.testcase.RegisterAndlogin.getAuthCode" />
                <testcase name="getAuthCode_code" time="0.029" classname="main.testcase.RegisterAndlogin.getAuthCode" />
                <testcase name="getAuthCode_code" time="0.027" classname="main.testcase.RegisterAndlogin.getAuthCode" />
                <testcase name="getAuthCode_code" time="0.029" classname="main.testcase.RegisterAndlogin.getAuthCode" />
                <testcase name="getAuthCode_code" time="0.063" classname="main.testcase.RegisterAndlogin.getAuthCode" />
                <testcase name="getAuthCode_code" time="0.031" classname="main.testcase.RegisterAndlogin.getAuthCode" />
      
</testsuite>
