<?xml version="1.0" encoding="UTF-8"?>
<!-- Generated by org.testng.reporters.JUnitXMLReporter -->
<testsuite hostname="tangtao-PC" name="微买单接口测试 - 店员管理" tests="15" failures="1" timestamp="1 Jun 2016 06:21:04 GMT" time="8.092" errors="0">
  <testcase name="QAI_code" time="0.044" classname="main.testcase.ManagementClerk.queryAssistantInformation"/>
  <testcase name="QAI_code" time="0.024" classname="main.testcase.ManagementClerk.queryAssistantInformation"/>
  <testcase name="QAI_code" time="0.028" classname="main.testcase.ManagementClerk.queryAssistantInformation"/>
  <testcase name="QAI_code" time="0.048" classname="main.testcase.ManagementClerk.queryAssistantInformation"/>
  <testcase name="QAI_code" time="0.021" classname="main.testcase.ManagementClerk.queryAssistantInformation"/>
  <testcase name="SAL_code" time="0.024" classname="main.testcase.ManagementClerk.shopAssistantList">
    <failure type="java.lang.AssertionError" message="expected [200] but found [403]">
      <![CDATA[java.lang.AssertionError: expected [200] but found [403]
	at main.testcase.ManagementClerk.shopAssistantList.SAL_code(shopAssistantList.java:57)
... Removed 30 stack frames]]>
    </failure>
  </testcase> <!-- SAL_code -->
  <testcase name="asa_result" time="0.685" classname="main.testcase.ManagementClerk.addShopAssistant"/>
  <testcase name="asa_result" time="0.709" classname="main.testcase.ManagementClerk.addShopAssistant"/>
  <testcase name="asa_result" time="0.72" classname="main.testcase.ManagementClerk.addShopAssistant"/>
  <testcase name="asa_result" time="0.719" classname="main.testcase.ManagementClerk.addShopAssistant"/>
  <testcase name="asa_result" time="0.707" classname="main.testcase.ManagementClerk.addShopAssistant"/>
  <testcase name="asa_result" time="0.587" classname="main.testcase.ManagementClerk.addShopAssistant"/>
  <testcase name="asa_result" time="0.701" classname="main.testcase.ManagementClerk.addShopAssistant"/>
  <testcase name="asa_result" time="0.729" classname="main.testcase.ManagementClerk.addShopAssistant"/>
  <testcase name="asa_result" time="0.713" classname="main.testcase.ManagementClerk.addShopAssistant"/>
</testsuite> <!-- 微买单接口测试 - 店员管理 -->
