<?xml version="1.0" encoding="UTF-8"?>
<!-- Generated by org.testng.reporters.JUnitXMLReporter -->
<testsuite hostname="tangtao-PC" name="微买单接口测试 - 钱包页面" tests="46" failures="2" timestamp="1 Jun 2016 06:20:56 GMT" time="33.127" errors="0">
  <testcase name="ab" time="0.067" classname="main.testcase.Wallet.accountBalance"/>
  <testcase name="ab" time="0.025" classname="main.testcase.Wallet.accountBalance"/>
  <testcase name="ab" time="0.025" classname="main.testcase.Wallet.accountBalance"/>
  <testcase name="ab" time="0.022" classname="main.testcase.Wallet.accountBalance"/>
  <testcase name="wrl_code" time="0.059" classname="main.testcase.Wallet.withdrawalRecordList"/>
  <testcase name="btwiq" time="1.024" classname="main.testcase.Wallet.BeforeTheWithdrawalInformationQuery"/>
  <testcase name="btwiq" time="1.024" classname="main.testcase.Wallet.BeforeTheWithdrawalInformationQuery"/>
  <testcase name="btwiq" time="1.023" classname="main.testcase.Wallet.BeforeTheWithdrawalInformationQuery"/>
  <testcase name="btwiq" time="1.065" classname="main.testcase.Wallet.BeforeTheWithdrawalInformationQuery"/>
  <testcase name="withdraw" time="0.729" classname="main.testcase.Wallet.Withdraw"/>
  <testcase name="withdraw" time="0.734" classname="main.testcase.Wallet.Withdraw"/>
  <testcase name="withdraw" time="0.724" classname="main.testcase.Wallet.Withdraw"/>
  <testcase name="withdraw" time="0.6" classname="main.testcase.Wallet.Withdraw"/>
  <testcase name="withdraw" time="0.668" classname="main.testcase.Wallet.Withdraw"/>
  <testcase name="withdraw" time="0.715" classname="main.testcase.Wallet.Withdraw"/>
  <testcase name="withdraw" time="0.742" classname="main.testcase.Wallet.Withdraw">
    <failure type="java.lang.AssertionError" message="expected [卡号长度不符合] but found [卡号不能为空]">
      <![CDATA[java.lang.AssertionError: expected [卡号长度不符合] but found [卡号不能为空]
	at main.testcase.Wallet.Withdraw.withdraw(Withdraw.java:91)
... Removed 30 stack frames]]>
    </failure>
  </testcase> <!-- withdraw -->
  <testcase name="withdraw" time="0.727" classname="main.testcase.Wallet.Withdraw"/>
  <testcase name="withdraw" time="0.712" classname="main.testcase.Wallet.Withdraw"/>
  <testcase name="withdraw" time="0.638" classname="main.testcase.Wallet.Withdraw"/>
  <testcase name="withdraw" time="0.683" classname="main.testcase.Wallet.Withdraw"/>
  <testcase name="withdraw" time="0.733" classname="main.testcase.Wallet.Withdraw"/>
  <testcase name="withdraw" time="0.717" classname="main.testcase.Wallet.Withdraw"/>
  <testcase name="withdraw" time="0.72" classname="main.testcase.Wallet.Withdraw"/>
  <testcase name="withdraw" time="0.804" classname="main.testcase.Wallet.Withdraw"/>
  <testcase name="withdraw" time="0.607" classname="main.testcase.Wallet.Withdraw"/>
  <testcase name="withdraw" time="0.663" classname="main.testcase.Wallet.Withdraw"/>
  <testcase name="withdraw" time="0.715" classname="main.testcase.Wallet.Withdraw"/>
  <testcase name="w_al" time="2.725" classname="main.testcase.Wallet.withdraw_already"/>
  <testcase name="w_al" time="0.719" classname="main.testcase.Wallet.withdraw_fail"/>
  <testcase name="w_al" time="0.69" classname="main.testcase.Wallet.withdraw_fail"/>
  <testcase name="w_al" time="0.607" classname="main.testcase.Wallet.withdraw_fail"/>
  <testcase name="w_al" time="0.678" classname="main.testcase.Wallet.withdraw_fail"/>
  <testcase name="w_al" time="0.715" classname="main.testcase.Wallet.withdraw_fail"/>
  <testcase name="w_al" time="0.719" classname="main.testcase.Wallet.withdraw_fail"/>
  <testcase name="w_al" time="0.725" classname="main.testcase.Wallet.withdraw_fail">
    <failure type="java.lang.AssertionError" message="expected [卡号长度不符合] but found [卡号不能为空]">
      <![CDATA[java.lang.AssertionError: expected [卡号长度不符合] but found [卡号不能为空]
	at main.testcase.Wallet.withdraw_fail.w_al(withdraw_fail.java:86)
... Removed 30 stack frames]]>
    </failure>
  </testcase> <!-- w_al -->
  <testcase name="w_al" time="0.725" classname="main.testcase.Wallet.withdraw_fail"/>
  <testcase name="w_al" time="0.606" classname="main.testcase.Wallet.withdraw_fail"/>
  <testcase name="w_al" time="0.672" classname="main.testcase.Wallet.withdraw_fail"/>
  <testcase name="w_al" time="0.714" classname="main.testcase.Wallet.withdraw_fail"/>
  <testcase name="w_al" time="0.738" classname="main.testcase.Wallet.withdraw_fail"/>
  <testcase name="w_al" time="0.72" classname="main.testcase.Wallet.withdraw_fail"/>
  <testcase name="w_al" time="0.745" classname="main.testcase.Wallet.withdraw_fail"/>
  <testcase name="w_al" time="0.599" classname="main.testcase.Wallet.withdraw_fail"/>
  <testcase name="w_al" time="0.645" classname="main.testcase.Wallet.withdraw_fail"/>
  <testcase name="w_al" time="0.736" classname="main.testcase.Wallet.withdraw_fail"/>
  <testcase name="w_al" time="0.731" classname="main.testcase.Wallet.withdraw_fail"/>
</testsuite> <!-- 微买单接口测试 - 钱包页面 -->
