<?xml version="1.0" encoding="UTF-8"?>
<!-- Generated by org.testng.reporters.JUnitXMLReporter -->
<testsuite hostname="tangtao-PC" name="微买单接口测试 - 首款订单" tests="10" failures="0" timestamp="1 Jun 2016 06:20:23 GMT" time="4.449" errors="0">
  <testcase name="Gl" time="0.065" classname="main.testcase.GatheringList.gatheringList"/>
  <testcase name="Gl" time="0.03" classname="main.testcase.GatheringList.gatheringList"/>
  <testcase name="Gl" time="0.035" classname="main.testcase.GatheringList.gatheringList"/>
  <testcase name="Gl" time="0.028" classname="main.testcase.GatheringList.gatheringList"/>
  <testcase name="collectionSchedule" time="0.743" classname="main.testcase.GatheringList.collectionSchedule"/>
  <testcase name="collectionSchedule" time="0.738" classname="main.testcase.GatheringList.collectionSchedule"/>
  <testcase name="collectionSchedule" time="0.627" classname="main.testcase.GatheringList.collectionSchedule"/>
  <testcase name="collectionSchedule" time="0.663" classname="main.testcase.GatheringList.collectionSchedule"/>
  <testcase name="collectionSchedule" time="0.749" classname="main.testcase.GatheringList.collectionSchedule"/>
  <testcase name="collectionSchedule" time="0.749" classname="main.testcase.GatheringList.collectionSchedule"/>
</testsuite> <!-- 微买单接口测试 - 首款订单 -->
