<?xml version="1.0" encoding="UTF-8"?>
<!-- Generated by org.testng.reporters.JUnitXMLReporter -->
<testsuite hostname="tangtao-PC" name="微买单接口测试 - 反扫" tests="22" failures="2" timestamp="1 Jun 2016 06:21:26 GMT" time="18.734" errors="0">
  <testcase name="fsp" time="8.678" classname="main.testcase.ReverseScan.fansaopay">
    <failure type="java.lang.AssertionError" message="expected [200] but found [11201]">
      <![CDATA[java.lang.AssertionError: expected [200] but found [11201]
	at main.testcase.ReverseScan.fansaopay.fsp(fansaopay.java:66)
... Removed 30 stack frames]]>
    </failure>
  </testcase> <!-- fsp -->
  <testcase name="acs_code" time="0.059" classname="main.testcase.ReverseScan.atheringCodeShop"/>
  <testcase name="acs_code" time="0.021" classname="main.testcase.ReverseScan.atheringCodeShop"/>
  <testcase name="acs_code" time="0.023" classname="main.testcase.ReverseScan.atheringCodeShop"/>
  <testcase name="acs_code" time="0.023" classname="main.testcase.ReverseScan.atheringCodeShop"/>
  <testcase name="getAuthCode_code" time="0.03" classname="main.testcase.ReverseScan.getGatheringCode"/>
  <testcase name="getAuthCode_code" time="0.033" classname="main.testcase.ReverseScan.getGatheringCode"/>
  <testcase name="iac" time="0.03" classname="main.testcase.ReverseScan.isActiveCode"/>
  <testcase name="iac" time="0.023" classname="main.testcase.ReverseScan.isActiveCode"/>
  <testcase name="iac" time="0.021" classname="main.testcase.ReverseScan.isActiveCode"/>
  <testcase name="iac" time="0.043" classname="main.testcase.ReverseScan.isActiveCode"/>
  <testcase name="iac" time="0.023" classname="main.testcase.ReverseScan.isActiveCode"/>
  <testcase name="openid" time="0.643" classname="main.testcase.ReverseScan.openid">
    <failure type="com.google.gson.JsonSyntaxException" message="java.lang.IllegalStateException: Expected BEGIN_OBJECT but was STRING at line 1 column 1 path $">
      <![CDATA[com.google.gson.JsonSyntaxException: java.lang.IllegalStateException: Expected BEGIN_OBJECT but was STRING at line 1 column 1 path $
	at com.google.gson.internal.bind.ReflectiveTypeAdapterFactory$Adapter.read(ReflectiveTypeAdapterFactory.java:187)
	at com.google.gson.Gson.fromJson(Gson.java:805)
	at com.google.gson.Gson.fromJson(Gson.java:770)
	at com.google.gson.Gson.fromJson(Gson.java:719)
	at com.google.gson.Gson.fromJson(Gson.java:691)
	at main.testcase.ReverseScan.openid.openid(openid.java:60)
Caused by: java.lang.IllegalStateException: Expected BEGIN_OBJECT but was STRING at line 1 column 1 path $
	at com.google.gson.stream.JsonReader.beginObject(JsonReader.java:387)
	at com.google.gson.internal.bind.ReflectiveTypeAdapterFactory$Adapter.read(ReflectiveTypeAdapterFactory.java:176)
	... 29 more
... Removed 24 stack frames]]>
    </failure>
  </testcase> <!-- openid -->
  <testcase name="active" time="7.23" classname="main.testcase.ReverseScan.activeThecode"/>
  <testcase name="active" time="0.075" classname="main.testcase.ReverseScan.activeThecode"/>
  <testcase name="active" time="0.047" classname="main.testcase.ReverseScan.activeThecode"/>
  <testcase name="active" time="0.066" classname="main.testcase.ReverseScan.activeThecode"/>
  <testcase name="active" time="0.117" classname="main.testcase.ReverseScan.activeThecode"/>
  <testcase name="active" time="0.043" classname="main.testcase.ReverseScan.activeThecode"/>
  <testcase name="active" time="0.043" classname="main.testcase.ReverseScan.activeThecode"/>
  <testcase name="active" time="0.036" classname="main.testcase.ReverseScan.activeThecode"/>
  <testcase name="active" time="0.041" classname="main.testcase.ReverseScan.activeThecode"/>
</testsuite> <!-- 微买单接口测试 - 反扫 -->
