<?xml version="1.0" encoding="UTF-8"?>
<!-- Generated by org.testng.reporters.JUnitXMLReporter -->
<testsuite hostname="tangtao-PC" name="微买单接口测试 - 注册登录" tests="48" failures="0" timestamp="1 Jun 2016 06:20:18 GMT" time="26.101" errors="0">
  <testcase name="login" time="1.486" classname="main.testcase.RegisterAndlogin.login"/>
  <testcase name="login" time="0.833" classname="main.testcase.RegisterAndlogin.login"/>
  <testcase name="login" time="0.859" classname="main.testcase.RegisterAndlogin.login"/>
  <testcase name="login" time="0.79" classname="main.testcase.RegisterAndlogin.login"/>
  <testcase name="login" time="0.801" classname="main.testcase.RegisterAndlogin.login"/>
  <testcase name="login" time="0.757" classname="main.testcase.RegisterAndlogin.login"/>
  <testcase name="getAuthCode_code" time="0.155" classname="main.testcase.RegisterAndlogin.getAuthCode"/>
  <testcase name="getAuthCode_code" time="0.067" classname="main.testcase.RegisterAndlogin.getAuthCode"/>
  <testcase name="getAuthCode_code" time="0.026" classname="main.testcase.RegisterAndlogin.getAuthCode"/>
  <testcase name="getAuthCode_code" time="0.03" classname="main.testcase.RegisterAndlogin.getAuthCode"/>
  <testcase name="getAuthCode_code" time="0.031" classname="main.testcase.RegisterAndlogin.getAuthCode"/>
  <testcase name="getAuthCode_code" time="0.097" classname="main.testcase.RegisterAndlogin.getAuthCode"/>
  <testcase name="getAuthCode_code" time="0.03" classname="main.testcase.RegisterAndlogin.getAuthCode"/>
  <testcase name="register_result" time="0.661" classname="main.testcase.RegisterAndlogin.register"/>
  <testcase name="register_result" time="0.717" classname="main.testcase.RegisterAndlogin.register"/>
  <testcase name="register_result" time="0.759" classname="main.testcase.RegisterAndlogin.register"/>
  <testcase name="register_result" time="0.74" classname="main.testcase.RegisterAndlogin.register"/>
  <testcase name="register_result" time="0.727" classname="main.testcase.RegisterAndlogin.register"/>
  <testcase name="register_result" time="0.732" classname="main.testcase.RegisterAndlogin.register"/>
  <testcase name="cp_result" time="0.767" classname="main.testcase.RegisterAndlogin.completeRegistrationClerk"/>
  <testcase name="cp_result" time="0.769" classname="main.testcase.RegisterAndlogin.completeRegistrationClerk"/>
  <testcase name="cp_result" time="0.746" classname="main.testcase.RegisterAndlogin.completeRegistrationClerk"/>
  <testcase name="cp_result" time="0.742" classname="main.testcase.RegisterAndlogin.completeRegistrationClerk"/>
  <testcase name="cp_result" time="0.737" classname="main.testcase.RegisterAndlogin.completeRegistrationClerk"/>
  <testcase name="cp_result" time="0.732" classname="main.testcase.RegisterAndlogin.completeRegistrationClerk"/>
  <testcase name="cp_result" time="0.704" classname="main.testcase.RegisterAndlogin.completeRegistrationClerk"/>
  <testcase name="cp_result" time="0.601" classname="main.testcase.RegisterAndlogin.completeRegistrationClerk"/>
  <testcase name="cp_result" time="0.724" classname="main.testcase.RegisterAndlogin.completeRegistrationClerk"/>
  <testcase name="mcr_exresult" time="0.126" classname="main.testcase.RegisterAndlogin.managerCompleteRegistration"/>
  <testcase name="mcr_exresult" time="0.045" classname="main.testcase.RegisterAndlogin.managerCompleteRegistration"/>
  <testcase name="mcr_exresult" time="0.04" classname="main.testcase.RegisterAndlogin.managerCompleteRegistration"/>
  <testcase name="mcr_exresult" time="0.048" classname="main.testcase.RegisterAndlogin.managerCompleteRegistration"/>
  <testcase name="mcr_exresult" time="0.05" classname="main.testcase.RegisterAndlogin.managerCompleteRegistration"/>
  <testcase name="mcr_exresult" time="0.044" classname="main.testcase.RegisterAndlogin.managerCompleteRegistration"/>
  <testcase name="mcr_exresult" time="0.041" classname="main.testcase.RegisterAndlogin.managerCompleteRegistration"/>
  <testcase name="mcr_exresult" time="0.039" classname="main.testcase.RegisterAndlogin.managerCompleteRegistration"/>
  <testcase name="checkHsopName" time="0.061" classname="main.testcase.RegisterAndlogin.checkShopName"/>
  <testcase name="checkHsopName" time="0.033" classname="main.testcase.RegisterAndlogin.checkShopName"/>
  <testcase name="checkHsopName" time="0.05" classname="main.testcase.RegisterAndlogin.checkShopName"/>
  <testcase name="rp_result" time="0.627" classname="main.testcase.RegisterAndlogin.retrievePassword"/>
  <testcase name="rp_result" time="0.7" classname="main.testcase.RegisterAndlogin.retrievePassword"/>
  <testcase name="rp_result" time="0.724" classname="main.testcase.RegisterAndlogin.retrievePassword"/>
  <testcase name="rp_result" time="0.714" classname="main.testcase.RegisterAndlogin.retrievePassword"/>
  <testcase name="rp_result" time="0.728" classname="main.testcase.RegisterAndlogin.retrievePassword"/>
  <testcase name="rp_result" time="0.744" classname="main.testcase.RegisterAndlogin.retrievePassword"/>
  <testcase name="rp_result" time="0.641" classname="main.testcase.RegisterAndlogin.retrievePassword"/>
  <testcase name="rp_result" time="0.636" classname="main.testcase.RegisterAndlogin.retrievePassword"/>
  <testcase name="rp_result" time="0.738" classname="main.testcase.RegisterAndlogin.retrievePassword"/>
</testsuite> <!-- 微买单接口测试 - 注册登录 -->
