<?xml version="1.0" encoding="UTF-8"?>
<!-- Generated by org.testng.reporters.JUnitXMLReporter -->
<testsuite hostname="tangtao-PC" name="微买单接口测试 - qita" tests="18" failures="11" timestamp="1 Jun 2016 06:21:41 GMT" time="3.127" errors="0">
  <testcase name="utr_code" time="0.025" classname="main.testcase.Other.upgradeToRemind"/>
  <testcase name="gsd_code" time="0.039" classname="main.testcase.Other.getStartDiagram"/>
  <testcase name="gsd_code" time="0.038" classname="main.testcase.Other.getStartDiagram">
    <failure type="java.lang.AssertionError" message="expected [false] but found [true]">
      <![CDATA[java.lang.AssertionError: expected [false] but found [true]
	at main.testcase.Other.getStartDiagram.gsd_code(getStartDiagram.java:63)
... Removed 29 stack frames]]>
    </failure>
  </testcase> <!-- gsd_code -->
  <testcase name="atsct" time="0.025" classname="main.testcase.Other.accessToSystemConfigurationTables"/>
  <testcase name="atsct" time="0.04" classname="main.testcase.Other.accessToSystemConfigurationTables"/>
  <testcase name="atsct" time="0.023" classname="main.testcase.Other.accessToSystemConfigurationTables"/>
  <testcase name="fqcl_code" time="0.012" classname="main.testcase.Other.fuzzyQueryCityList">
    <failure type="net.sf.json.JSONException" message="A JSONObject text must begin with &amp;apos;{&amp;apos; at character 1 of &amp;lt;!DOCTYPE html&amp;gt;&amp;lt;html&amp;gt;&amp;lt;head&amp;gt;&amp;lt;title&amp;gt;Apache Tomcat/8.0.30 - Error report&amp;lt;/title&amp;gt;&amp;lt;style type=&amp;quot;text/css&amp;quot;&amp;gt;H1 {font-family:Tahoma,Arial,sans-serif;color:white;background-color:#525D76;font-size:22px;} H2 {font-family:Tahoma,Arial,sans-serif;color:white;background-color:#525D76;font-size:16px;} H3 {font-family:Tahoma,Arial,sans-serif;color:white;background-color:#525D76;font-size:14px;} BODY {font-family:Tahoma,Arial,sans-serif;color:black;background-color:white;} B {font-family:Tahoma,Arial,sans-serif;color:white;background-color:#525D76;} P {font-family:Tahoma,Arial,sans-serif;background:white;color:black;font-size:12px;}A {color : black;}A.name {color : black;}.line {height: 1px; background-color: #525D76; border: none;}&amp;lt;/style&amp;gt; &amp;lt;/head&amp;gt;&amp;lt;body&amp;gt;&amp;lt;h1&amp;gt;HTTP Status 404 - /VAScan/api/city&amp;lt;/h1&amp;gt;&amp;lt;div class=&amp;quot;line&amp;quot;&amp;gt;&amp;lt;/div&amp;gt;&amp;lt;p&amp;gt;&amp;lt;b&amp;gt;type&amp;lt;/b&amp;gt; Status report&amp;lt;/p&amp;gt;&amp;lt;p&amp;gt;&amp;lt;b&amp;gt;message&amp;lt;/b&amp;gt; &amp;lt;u&amp;gt;/VAScan/api/city&amp;lt;/u&amp;gt;&amp;lt;/p&amp;gt;&amp;lt;p&amp;gt;&amp;lt;b&amp;gt;description&amp;lt;/b&amp;gt; &amp;lt;u&amp;gt;The requested resource is not available.&amp;lt;/u&amp;gt;&amp;lt;/p&amp;gt;&amp;lt;hr class=&amp;quot;line&amp;quot;&amp;gt;&amp;lt;h3&amp;gt;Apache Tomcat/8.0.30&amp;lt;/h3&amp;gt;&amp;lt;/body&amp;gt;&amp;lt;/html&amp;gt;">
      <![CDATA[net.sf.json.JSONException: A JSONObject text must begin with '{' at character 1 of <!DOCTYPE html><html><head><title>Apache Tomcat/8.0.30 - Error report</title><style type="text/css">H1 {font-family:Tahoma,Arial,sans-serif;color:white;background-color:#525D76;font-size:22px;} H2 {font-family:Tahoma,Arial,sans-serif;color:white;background-color:#525D76;font-size:16px;} H3 {font-family:Tahoma,Arial,sans-serif;color:white;background-color:#525D76;font-size:14px;} BODY {font-family:Tahoma,Arial,sans-serif;color:black;background-color:white;} B {font-family:Tahoma,Arial,sans-serif;color:white;background-color:#525D76;} P {font-family:Tahoma,Arial,sans-serif;background:white;color:black;font-size:12px;}A {color : black;}A.name {color : black;}.line {height: 1px; background-color: #525D76; border: none;}</style> </head><body><h1>HTTP Status 404 - /VAScan/api/city</h1><div class="line"></div><p><b>type</b> Status report</p><p><b>message</b> <u>/VAScan/api/city</u></p><p><b>description</b> <u>The requested resource is not available.</u></p><hr class="line"><h3>Apache Tomcat/8.0.30</h3></body></html>
	at net.sf.json.util.JSONTokener.syntaxError(JSONTokener.java:499)
	at net.sf.json.JSONObject._fromJSONTokener(JSONObject.java:972)
	at net.sf.json.JSONObject._fromString(JSONObject.java:1201)
	at net.sf.json.JSONObject.fromObject(JSONObject.java:165)
	at net.sf.json.JSONObject.fromObject(JSONObject.java:134)
	at main.unit.JsonUtil.Json2Map(JsonUtil.java:24)
	at main.testcase.Other.fuzzyQueryCityList.fqcl_code(fuzzyQueryCityList.java:46)
... Removed 24 stack frames]]>
    </failure>
  </testcase> <!-- fqcl_code -->
  <testcase name="fqcl_code" time="0.016" classname="main.testcase.Other.fuzzyQueryCityList">
    <failure type="net.sf.json.JSONException" message="A JSONObject text must begin with &amp;apos;{&amp;apos; at character 1 of &amp;lt;!DOCTYPE html&amp;gt;&amp;lt;html&amp;gt;&amp;lt;head&amp;gt;&amp;lt;title&amp;gt;Apache Tomcat/8.0.30 - Error report&amp;lt;/title&amp;gt;&amp;lt;style type=&amp;quot;text/css&amp;quot;&amp;gt;H1 {font-family:Tahoma,Arial,sans-serif;color:white;background-color:#525D76;font-size:22px;} H2 {font-family:Tahoma,Arial,sans-serif;color:white;background-color:#525D76;font-size:16px;} H3 {font-family:Tahoma,Arial,sans-serif;color:white;background-color:#525D76;font-size:14px;} BODY {font-family:Tahoma,Arial,sans-serif;color:black;background-color:white;} B {font-family:Tahoma,Arial,sans-serif;color:white;background-color:#525D76;} P {font-family:Tahoma,Arial,sans-serif;background:white;color:black;font-size:12px;}A {color : black;}A.name {color : black;}.line {height: 1px; background-color: #525D76; border: none;}&amp;lt;/style&amp;gt; &amp;lt;/head&amp;gt;&amp;lt;body&amp;gt;&amp;lt;h1&amp;gt;HTTP Status 404 - /VAScan/api/city&amp;lt;/h1&amp;gt;&amp;lt;div class=&amp;quot;line&amp;quot;&amp;gt;&amp;lt;/div&amp;gt;&amp;lt;p&amp;gt;&amp;lt;b&amp;gt;type&amp;lt;/b&amp;gt; Status report&amp;lt;/p&amp;gt;&amp;lt;p&amp;gt;&amp;lt;b&amp;gt;message&amp;lt;/b&amp;gt; &amp;lt;u&amp;gt;/VAScan/api/city&amp;lt;/u&amp;gt;&amp;lt;/p&amp;gt;&amp;lt;p&amp;gt;&amp;lt;b&amp;gt;description&amp;lt;/b&amp;gt; &amp;lt;u&amp;gt;The requested resource is not available.&amp;lt;/u&amp;gt;&amp;lt;/p&amp;gt;&amp;lt;hr class=&amp;quot;line&amp;quot;&amp;gt;&amp;lt;h3&amp;gt;Apache Tomcat/8.0.30&amp;lt;/h3&amp;gt;&amp;lt;/body&amp;gt;&amp;lt;/html&amp;gt;">
      <![CDATA[net.sf.json.JSONException: A JSONObject text must begin with '{' at character 1 of <!DOCTYPE html><html><head><title>Apache Tomcat/8.0.30 - Error report</title><style type="text/css">H1 {font-family:Tahoma,Arial,sans-serif;color:white;background-color:#525D76;font-size:22px;} H2 {font-family:Tahoma,Arial,sans-serif;color:white;background-color:#525D76;font-size:16px;} H3 {font-family:Tahoma,Arial,sans-serif;color:white;background-color:#525D76;font-size:14px;} BODY {font-family:Tahoma,Arial,sans-serif;color:black;background-color:white;} B {font-family:Tahoma,Arial,sans-serif;color:white;background-color:#525D76;} P {font-family:Tahoma,Arial,sans-serif;background:white;color:black;font-size:12px;}A {color : black;}A.name {color : black;}.line {height: 1px; background-color: #525D76; border: none;}</style> </head><body><h1>HTTP Status 404 - /VAScan/api/city</h1><div class="line"></div><p><b>type</b> Status report</p><p><b>message</b> <u>/VAScan/api/city</u></p><p><b>description</b> <u>The requested resource is not available.</u></p><hr class="line"><h3>Apache Tomcat/8.0.30</h3></body></html>
	at net.sf.json.util.JSONTokener.syntaxError(JSONTokener.java:499)
	at net.sf.json.JSONObject._fromJSONTokener(JSONObject.java:972)
	at net.sf.json.JSONObject._fromString(JSONObject.java:1201)
	at net.sf.json.JSONObject.fromObject(JSONObject.java:165)
	at net.sf.json.JSONObject.fromObject(JSONObject.java:134)
	at main.unit.JsonUtil.Json2Map(JsonUtil.java:24)
	at main.testcase.Other.fuzzyQueryCityList.fqcl_code(fuzzyQueryCityList.java:46)
... Removed 24 stack frames]]>
    </failure>
  </testcase> <!-- fqcl_code -->
  <testcase name="fqcl_result" time="0.014" classname="main.testcase.Other.fuzzyQueryCityList">
    <failure type="net.sf.json.JSONException" message="A JSONObject text must begin with &amp;apos;{&amp;apos; at character 1 of &amp;lt;!DOCTYPE html&amp;gt;&amp;lt;html&amp;gt;&amp;lt;head&amp;gt;&amp;lt;title&amp;gt;Apache Tomcat/8.0.30 - Error report&amp;lt;/title&amp;gt;&amp;lt;style type=&amp;quot;text/css&amp;quot;&amp;gt;H1 {font-family:Tahoma,Arial,sans-serif;color:white;background-color:#525D76;font-size:22px;} H2 {font-family:Tahoma,Arial,sans-serif;color:white;background-color:#525D76;font-size:16px;} H3 {font-family:Tahoma,Arial,sans-serif;color:white;background-color:#525D76;font-size:14px;} BODY {font-family:Tahoma,Arial,sans-serif;color:black;background-color:white;} B {font-family:Tahoma,Arial,sans-serif;color:white;background-color:#525D76;} P {font-family:Tahoma,Arial,sans-serif;background:white;color:black;font-size:12px;}A {color : black;}A.name {color : black;}.line {height: 1px; background-color: #525D76; border: none;}&amp;lt;/style&amp;gt; &amp;lt;/head&amp;gt;&amp;lt;body&amp;gt;&amp;lt;h1&amp;gt;HTTP Status 404 - /VAScan/api/city&amp;lt;/h1&amp;gt;&amp;lt;div class=&amp;quot;line&amp;quot;&amp;gt;&amp;lt;/div&amp;gt;&amp;lt;p&amp;gt;&amp;lt;b&amp;gt;type&amp;lt;/b&amp;gt; Status report&amp;lt;/p&amp;gt;&amp;lt;p&amp;gt;&amp;lt;b&amp;gt;message&amp;lt;/b&amp;gt; &amp;lt;u&amp;gt;/VAScan/api/city&amp;lt;/u&amp;gt;&amp;lt;/p&amp;gt;&amp;lt;p&amp;gt;&amp;lt;b&amp;gt;description&amp;lt;/b&amp;gt; &amp;lt;u&amp;gt;The requested resource is not available.&amp;lt;/u&amp;gt;&amp;lt;/p&amp;gt;&amp;lt;hr class=&amp;quot;line&amp;quot;&amp;gt;&amp;lt;h3&amp;gt;Apache Tomcat/8.0.30&amp;lt;/h3&amp;gt;&amp;lt;/body&amp;gt;&amp;lt;/html&amp;gt;">
      <![CDATA[net.sf.json.JSONException: A JSONObject text must begin with '{' at character 1 of <!DOCTYPE html><html><head><title>Apache Tomcat/8.0.30 - Error report</title><style type="text/css">H1 {font-family:Tahoma,Arial,sans-serif;color:white;background-color:#525D76;font-size:22px;} H2 {font-family:Tahoma,Arial,sans-serif;color:white;background-color:#525D76;font-size:16px;} H3 {font-family:Tahoma,Arial,sans-serif;color:white;background-color:#525D76;font-size:14px;} BODY {font-family:Tahoma,Arial,sans-serif;color:black;background-color:white;} B {font-family:Tahoma,Arial,sans-serif;color:white;background-color:#525D76;} P {font-family:Tahoma,Arial,sans-serif;background:white;color:black;font-size:12px;}A {color : black;}A.name {color : black;}.line {height: 1px; background-color: #525D76; border: none;}</style> </head><body><h1>HTTP Status 404 - /VAScan/api/city</h1><div class="line"></div><p><b>type</b> Status report</p><p><b>message</b> <u>/VAScan/api/city</u></p><p><b>description</b> <u>The requested resource is not available.</u></p><hr class="line"><h3>Apache Tomcat/8.0.30</h3></body></html>
	at net.sf.json.util.JSONTokener.syntaxError(JSONTokener.java:499)
	at net.sf.json.JSONObject._fromJSONTokener(JSONObject.java:972)
	at net.sf.json.JSONObject._fromString(JSONObject.java:1201)
	at net.sf.json.JSONObject.fromObject(JSONObject.java:165)
	at net.sf.json.JSONObject.fromObject(JSONObject.java:134)
	at main.unit.JsonUtil.Json2Map(JsonUtil.java:24)
	at main.testcase.Other.fuzzyQueryCityList.fqcl_result(fuzzyQueryCityList.java:56)
... Removed 24 stack frames]]>
    </failure>
  </testcase> <!-- fqcl_result -->
  <testcase name="fqcl_result" time="0.015" classname="main.testcase.Other.fuzzyQueryCityList">
    <failure type="net.sf.json.JSONException" message="A JSONObject text must begin with &amp;apos;{&amp;apos; at character 1 of &amp;lt;!DOCTYPE html&amp;gt;&amp;lt;html&amp;gt;&amp;lt;head&amp;gt;&amp;lt;title&amp;gt;Apache Tomcat/8.0.30 - Error report&amp;lt;/title&amp;gt;&amp;lt;style type=&amp;quot;text/css&amp;quot;&amp;gt;H1 {font-family:Tahoma,Arial,sans-serif;color:white;background-color:#525D76;font-size:22px;} H2 {font-family:Tahoma,Arial,sans-serif;color:white;background-color:#525D76;font-size:16px;} H3 {font-family:Tahoma,Arial,sans-serif;color:white;background-color:#525D76;font-size:14px;} BODY {font-family:Tahoma,Arial,sans-serif;color:black;background-color:white;} B {font-family:Tahoma,Arial,sans-serif;color:white;background-color:#525D76;} P {font-family:Tahoma,Arial,sans-serif;background:white;color:black;font-size:12px;}A {color : black;}A.name {color : black;}.line {height: 1px; background-color: #525D76; border: none;}&amp;lt;/style&amp;gt; &amp;lt;/head&amp;gt;&amp;lt;body&amp;gt;&amp;lt;h1&amp;gt;HTTP Status 404 - /VAScan/api/city&amp;lt;/h1&amp;gt;&amp;lt;div class=&amp;quot;line&amp;quot;&amp;gt;&amp;lt;/div&amp;gt;&amp;lt;p&amp;gt;&amp;lt;b&amp;gt;type&amp;lt;/b&amp;gt; Status report&amp;lt;/p&amp;gt;&amp;lt;p&amp;gt;&amp;lt;b&amp;gt;message&amp;lt;/b&amp;gt; &amp;lt;u&amp;gt;/VAScan/api/city&amp;lt;/u&amp;gt;&amp;lt;/p&amp;gt;&amp;lt;p&amp;gt;&amp;lt;b&amp;gt;description&amp;lt;/b&amp;gt; &amp;lt;u&amp;gt;The requested resource is not available.&amp;lt;/u&amp;gt;&amp;lt;/p&amp;gt;&amp;lt;hr class=&amp;quot;line&amp;quot;&amp;gt;&amp;lt;h3&amp;gt;Apache Tomcat/8.0.30&amp;lt;/h3&amp;gt;&amp;lt;/body&amp;gt;&amp;lt;/html&amp;gt;">
      <![CDATA[net.sf.json.JSONException: A JSONObject text must begin with '{' at character 1 of <!DOCTYPE html><html><head><title>Apache Tomcat/8.0.30 - Error report</title><style type="text/css">H1 {font-family:Tahoma,Arial,sans-serif;color:white;background-color:#525D76;font-size:22px;} H2 {font-family:Tahoma,Arial,sans-serif;color:white;background-color:#525D76;font-size:16px;} H3 {font-family:Tahoma,Arial,sans-serif;color:white;background-color:#525D76;font-size:14px;} BODY {font-family:Tahoma,Arial,sans-serif;color:black;background-color:white;} B {font-family:Tahoma,Arial,sans-serif;color:white;background-color:#525D76;} P {font-family:Tahoma,Arial,sans-serif;background:white;color:black;font-size:12px;}A {color : black;}A.name {color : black;}.line {height: 1px; background-color: #525D76; border: none;}</style> </head><body><h1>HTTP Status 404 - /VAScan/api/city</h1><div class="line"></div><p><b>type</b> Status report</p><p><b>message</b> <u>/VAScan/api/city</u></p><p><b>description</b> <u>The requested resource is not available.</u></p><hr class="line"><h3>Apache Tomcat/8.0.30</h3></body></html>
	at net.sf.json.util.JSONTokener.syntaxError(JSONTokener.java:499)
	at net.sf.json.JSONObject._fromJSONTokener(JSONObject.java:972)
	at net.sf.json.JSONObject._fromString(JSONObject.java:1201)
	at net.sf.json.JSONObject.fromObject(JSONObject.java:165)
	at net.sf.json.JSONObject.fromObject(JSONObject.java:134)
	at main.unit.JsonUtil.Json2Map(JsonUtil.java:24)
	at main.testcase.Other.fuzzyQueryCityList.fqcl_result(fuzzyQueryCityList.java:56)
... Removed 24 stack frames]]>
    </failure>
  </testcase> <!-- fqcl_result -->
  <testcase name="fqcl_code" time="0.013" classname="main.testcase.Other.fuzzyQueryShopList">
    <failure type="net.sf.json.JSONException" message="A JSONObject text must begin with &amp;apos;{&amp;apos; at character 1 of &amp;lt;!DOCTYPE html&amp;gt;&amp;lt;html&amp;gt;&amp;lt;head&amp;gt;&amp;lt;title&amp;gt;Apache Tomcat/8.0.30 - Error report&amp;lt;/title&amp;gt;&amp;lt;style type=&amp;quot;text/css&amp;quot;&amp;gt;H1 {font-family:Tahoma,Arial,sans-serif;color:white;background-color:#525D76;font-size:22px;} H2 {font-family:Tahoma,Arial,sans-serif;color:white;background-color:#525D76;font-size:16px;} H3 {font-family:Tahoma,Arial,sans-serif;color:white;background-color:#525D76;font-size:14px;} BODY {font-family:Tahoma,Arial,sans-serif;color:black;background-color:white;} B {font-family:Tahoma,Arial,sans-serif;color:white;background-color:#525D76;} P {font-family:Tahoma,Arial,sans-serif;background:white;color:black;font-size:12px;}A {color : black;}A.name {color : black;}.line {height: 1px; background-color: #525D76; border: none;}&amp;lt;/style&amp;gt; &amp;lt;/head&amp;gt;&amp;lt;body&amp;gt;&amp;lt;h1&amp;gt;HTTP Status 404 - /VAScan/api/shop&amp;lt;/h1&amp;gt;&amp;lt;div class=&amp;quot;line&amp;quot;&amp;gt;&amp;lt;/div&amp;gt;&amp;lt;p&amp;gt;&amp;lt;b&amp;gt;type&amp;lt;/b&amp;gt; Status report&amp;lt;/p&amp;gt;&amp;lt;p&amp;gt;&amp;lt;b&amp;gt;message&amp;lt;/b&amp;gt; &amp;lt;u&amp;gt;/VAScan/api/shop&amp;lt;/u&amp;gt;&amp;lt;/p&amp;gt;&amp;lt;p&amp;gt;&amp;lt;b&amp;gt;description&amp;lt;/b&amp;gt; &amp;lt;u&amp;gt;The requested resource is not available.&amp;lt;/u&amp;gt;&amp;lt;/p&amp;gt;&amp;lt;hr class=&amp;quot;line&amp;quot;&amp;gt;&amp;lt;h3&amp;gt;Apache Tomcat/8.0.30&amp;lt;/h3&amp;gt;&amp;lt;/body&amp;gt;&amp;lt;/html&amp;gt;">
      <![CDATA[net.sf.json.JSONException: A JSONObject text must begin with '{' at character 1 of <!DOCTYPE html><html><head><title>Apache Tomcat/8.0.30 - Error report</title><style type="text/css">H1 {font-family:Tahoma,Arial,sans-serif;color:white;background-color:#525D76;font-size:22px;} H2 {font-family:Tahoma,Arial,sans-serif;color:white;background-color:#525D76;font-size:16px;} H3 {font-family:Tahoma,Arial,sans-serif;color:white;background-color:#525D76;font-size:14px;} BODY {font-family:Tahoma,Arial,sans-serif;color:black;background-color:white;} B {font-family:Tahoma,Arial,sans-serif;color:white;background-color:#525D76;} P {font-family:Tahoma,Arial,sans-serif;background:white;color:black;font-size:12px;}A {color : black;}A.name {color : black;}.line {height: 1px; background-color: #525D76; border: none;}</style> </head><body><h1>HTTP Status 404 - /VAScan/api/shop</h1><div class="line"></div><p><b>type</b> Status report</p><p><b>message</b> <u>/VAScan/api/shop</u></p><p><b>description</b> <u>The requested resource is not available.</u></p><hr class="line"><h3>Apache Tomcat/8.0.30</h3></body></html>
	at net.sf.json.util.JSONTokener.syntaxError(JSONTokener.java:499)
	at net.sf.json.JSONObject._fromJSONTokener(JSONObject.java:972)
	at net.sf.json.JSONObject._fromString(JSONObject.java:1201)
	at net.sf.json.JSONObject.fromObject(JSONObject.java:165)
	at net.sf.json.JSONObject.fromObject(JSONObject.java:134)
	at main.unit.JsonUtil.Json2Map(JsonUtil.java:24)
	at main.testcase.Other.fuzzyQueryShopList.fqcl_code(fuzzyQueryShopList.java:43)
... Removed 24 stack frames]]>
    </failure>
  </testcase> <!-- fqcl_code -->
  <testcase name="fqcl_result" time="0.015" classname="main.testcase.Other.fuzzyQueryShopList">
    <failure type="net.sf.json.JSONException" message="A JSONObject text must begin with &amp;apos;{&amp;apos; at character 1 of &amp;lt;!DOCTYPE html&amp;gt;&amp;lt;html&amp;gt;&amp;lt;head&amp;gt;&amp;lt;title&amp;gt;Apache Tomcat/8.0.30 - Error report&amp;lt;/title&amp;gt;&amp;lt;style type=&amp;quot;text/css&amp;quot;&amp;gt;H1 {font-family:Tahoma,Arial,sans-serif;color:white;background-color:#525D76;font-size:22px;} H2 {font-family:Tahoma,Arial,sans-serif;color:white;background-color:#525D76;font-size:16px;} H3 {font-family:Tahoma,Arial,sans-serif;color:white;background-color:#525D76;font-size:14px;} BODY {font-family:Tahoma,Arial,sans-serif;color:black;background-color:white;} B {font-family:Tahoma,Arial,sans-serif;color:white;background-color:#525D76;} P {font-family:Tahoma,Arial,sans-serif;background:white;color:black;font-size:12px;}A {color : black;}A.name {color : black;}.line {height: 1px; background-color: #525D76; border: none;}&amp;lt;/style&amp;gt; &amp;lt;/head&amp;gt;&amp;lt;body&amp;gt;&amp;lt;h1&amp;gt;HTTP Status 404 - /VAScan/api/shop&amp;lt;/h1&amp;gt;&amp;lt;div class=&amp;quot;line&amp;quot;&amp;gt;&amp;lt;/div&amp;gt;&amp;lt;p&amp;gt;&amp;lt;b&amp;gt;type&amp;lt;/b&amp;gt; Status report&amp;lt;/p&amp;gt;&amp;lt;p&amp;gt;&amp;lt;b&amp;gt;message&amp;lt;/b&amp;gt; &amp;lt;u&amp;gt;/VAScan/api/shop&amp;lt;/u&amp;gt;&amp;lt;/p&amp;gt;&amp;lt;p&amp;gt;&amp;lt;b&amp;gt;description&amp;lt;/b&amp;gt; &amp;lt;u&amp;gt;The requested resource is not available.&amp;lt;/u&amp;gt;&amp;lt;/p&amp;gt;&amp;lt;hr class=&amp;quot;line&amp;quot;&amp;gt;&amp;lt;h3&amp;gt;Apache Tomcat/8.0.30&amp;lt;/h3&amp;gt;&amp;lt;/body&amp;gt;&amp;lt;/html&amp;gt;">
      <![CDATA[net.sf.json.JSONException: A JSONObject text must begin with '{' at character 1 of <!DOCTYPE html><html><head><title>Apache Tomcat/8.0.30 - Error report</title><style type="text/css">H1 {font-family:Tahoma,Arial,sans-serif;color:white;background-color:#525D76;font-size:22px;} H2 {font-family:Tahoma,Arial,sans-serif;color:white;background-color:#525D76;font-size:16px;} H3 {font-family:Tahoma,Arial,sans-serif;color:white;background-color:#525D76;font-size:14px;} BODY {font-family:Tahoma,Arial,sans-serif;color:black;background-color:white;} B {font-family:Tahoma,Arial,sans-serif;color:white;background-color:#525D76;} P {font-family:Tahoma,Arial,sans-serif;background:white;color:black;font-size:12px;}A {color : black;}A.name {color : black;}.line {height: 1px; background-color: #525D76; border: none;}</style> </head><body><h1>HTTP Status 404 - /VAScan/api/shop</h1><div class="line"></div><p><b>type</b> Status report</p><p><b>message</b> <u>/VAScan/api/shop</u></p><p><b>description</b> <u>The requested resource is not available.</u></p><hr class="line"><h3>Apache Tomcat/8.0.30</h3></body></html>
	at net.sf.json.util.JSONTokener.syntaxError(JSONTokener.java:499)
	at net.sf.json.JSONObject._fromJSONTokener(JSONObject.java:972)
	at net.sf.json.JSONObject._fromString(JSONObject.java:1201)
	at net.sf.json.JSONObject.fromObject(JSONObject.java:165)
	at net.sf.json.JSONObject.fromObject(JSONObject.java:134)
	at main.unit.JsonUtil.Json2Map(JsonUtil.java:24)
	at main.testcase.Other.fuzzyQueryShopList.fqcl_result(fuzzyQueryShopList.java:53)
... Removed 24 stack frames]]>
    </failure>
  </testcase> <!-- fqcl_result -->
  <testcase name="pt_result" time="0.676" classname="main.testcase.Other.pushToken"/>
  <testcase name="payconfig" time="0.714" classname="main.testcase.Other.payConfig">
    <failure type="com.google.gson.JsonSyntaxException" message="java.lang.IllegalStateException: Expected BEGIN_OBJECT but was STRING at line 1 column 1 path $">
      <![CDATA[com.google.gson.JsonSyntaxException: java.lang.IllegalStateException: Expected BEGIN_OBJECT but was STRING at line 1 column 1 path $
	at com.google.gson.internal.bind.ReflectiveTypeAdapterFactory$Adapter.read(ReflectiveTypeAdapterFactory.java:187)
	at com.google.gson.Gson.fromJson(Gson.java:805)
	at com.google.gson.Gson.fromJson(Gson.java:770)
	at com.google.gson.Gson.fromJson(Gson.java:719)
	at com.google.gson.Gson.fromJson(Gson.java:691)
	at main.testcase.Other.payConfig.payconfig(payConfig.java:55)
Caused by: java.lang.IllegalStateException: Expected BEGIN_OBJECT but was STRING at line 1 column 1 path $
	at com.google.gson.stream.JsonReader.beginObject(JsonReader.java:387)
	at com.google.gson.internal.bind.ReflectiveTypeAdapterFactory$Adapter.read(ReflectiveTypeAdapterFactory.java:176)
	... 29 more
... Removed 24 stack frames]]>
    </failure>
  </testcase> <!-- payconfig -->
  <testcase name="payconfig" time="0.726" classname="main.testcase.Other.payConfig">
    <failure type="com.google.gson.JsonSyntaxException" message="java.lang.IllegalStateException: Expected BEGIN_OBJECT but was STRING at line 1 column 1 path $">
      <![CDATA[com.google.gson.JsonSyntaxException: java.lang.IllegalStateException: Expected BEGIN_OBJECT but was STRING at line 1 column 1 path $
	at com.google.gson.internal.bind.ReflectiveTypeAdapterFactory$Adapter.read(ReflectiveTypeAdapterFactory.java:187)
	at com.google.gson.Gson.fromJson(Gson.java:805)
	at com.google.gson.Gson.fromJson(Gson.java:770)
	at com.google.gson.Gson.fromJson(Gson.java:719)
	at com.google.gson.Gson.fromJson(Gson.java:691)
	at main.testcase.Other.payConfig.payconfig(payConfig.java:55)
Caused by: java.lang.IllegalStateException: Expected BEGIN_OBJECT but was STRING at line 1 column 1 path $
	at com.google.gson.stream.JsonReader.beginObject(JsonReader.java:387)
	at com.google.gson.internal.bind.ReflectiveTypeAdapterFactory$Adapter.read(ReflectiveTypeAdapterFactory.java:176)
	... 29 more
... Removed 24 stack frames]]>
    </failure>
  </testcase> <!-- payconfig -->
  <testcase name="getAuthCode_code" time="0.014" classname="main.testcase.Other.root">
    <failure type="com.google.gson.JsonSyntaxException" message="java.lang.IllegalStateException: Expected BEGIN_OBJECT but was STRING at line 1 column 1 path $">
      <![CDATA[com.google.gson.JsonSyntaxException: java.lang.IllegalStateException: Expected BEGIN_OBJECT but was STRING at line 1 column 1 path $
	at com.google.gson.internal.bind.ReflectiveTypeAdapterFactory$Adapter.read(ReflectiveTypeAdapterFactory.java:187)
	at com.google.gson.Gson.fromJson(Gson.java:805)
	at com.google.gson.Gson.fromJson(Gson.java:770)
	at com.google.gson.Gson.fromJson(Gson.java:719)
	at com.google.gson.Gson.fromJson(Gson.java:691)
	at main.testcase.Other.root.getAuthCode_code(root.java:52)
Caused by: java.lang.IllegalStateException: Expected BEGIN_OBJECT but was STRING at line 1 column 1 path $
	at com.google.gson.stream.JsonReader.beginObject(JsonReader.java:387)
	at com.google.gson.internal.bind.ReflectiveTypeAdapterFactory$Adapter.read(ReflectiveTypeAdapterFactory.java:176)
	... 29 more
... Removed 24 stack frames]]>
    </failure>
  </testcase> <!-- getAuthCode_code -->
  <testcase name="login_result" time="0.607" classname="main.testcase.Other.rootPost">
    <failure type="com.google.gson.JsonSyntaxException" message="java.lang.IllegalStateException: Expected BEGIN_OBJECT but was STRING at line 1 column 1 path $">
      <![CDATA[com.google.gson.JsonSyntaxException: java.lang.IllegalStateException: Expected BEGIN_OBJECT but was STRING at line 1 column 1 path $
	at com.google.gson.internal.bind.ReflectiveTypeAdapterFactory$Adapter.read(ReflectiveTypeAdapterFactory.java:187)
	at com.google.gson.Gson.fromJson(Gson.java:805)
	at com.google.gson.Gson.fromJson(Gson.java:770)
	at com.google.gson.Gson.fromJson(Gson.java:719)
	at com.google.gson.Gson.fromJson(Gson.java:691)
	at main.testcase.Other.rootPost.login_result(rootPost.java:56)
Caused by: java.lang.IllegalStateException: Expected BEGIN_OBJECT but was STRING at line 1 column 1 path $
	at com.google.gson.stream.JsonReader.beginObject(JsonReader.java:387)
	at com.google.gson.internal.bind.ReflectiveTypeAdapterFactory$Adapter.read(ReflectiveTypeAdapterFactory.java:176)
	... 29 more
... Removed 24 stack frames]]>
    </failure>
  </testcase> <!-- login_result -->
  <testcase name="sessionguid_code" time="0.057" classname="main.testcase.Other.sessionGuid"/>
</testsuite> <!-- 微买单接口测试 - qita -->
