<?xml version="1.0" encoding="UTF-8"?>
<!-- Generated by org.testng.reporters.JUnitXMLReporter -->
<testsuite hostname="tangtao-PC" name="微买单接口测试 - faxian页面" tests="3" failures="0" timestamp="1 Jun 2016 06:20:56 GMT" time="0.136" errors="0">
  <testcase name="dc_code" time="0.042" classname="main.testcase.Discover.discoveryModules"/>
  <testcase name="dc_code" time="0.041" classname="main.testcase.Discover.discoveryModules"/>
  <testcase name="dc_code" time="0.04" classname="main.testcase.Discover.discoveryModules"/>
</testsuite> <!-- 微买单接口测试 - faxian页面 -->
